<?xml version="1.0" encoding="UTF-8"?>
<!-- Generated by org.testng.reporters.JUnitReportReporter -->
<testsuite hostname="DESKTOP-0J67C42" failures="0" tests="4" name="Basics.Assertions" time="0.020" errors="0" timestamp="2024-04-05T20:15:18 IST" skipped="0">
  <testcase classname="Basics.Assertions" name="falseAssertion" time="0.003"/>
  <system-out/>
  <testcase classname="Basics.Assertions" name="TrueAssertion" time="0.006"/>
  <system-out/>
  <testcase classname="Basics.Assertions" name="softAssertion" time="0.009"/>
  <system-out/>
  <testcase classname="Basics.Assertions" name="equalsAssertion" time="0.002"/>
  <system-out/>
</testsuite> <!-- Basics.Assertions -->
