<?xml version="1.0" encoding="UTF-8"?>
<!-- Generated by org.testng.reporters.JUnitReportReporter -->
<testsuite hostname="DESKTOP-0J67C42" failures="0" tests="4" name="Basics.Annotations" time="0.040" errors="0" timestamp="2024-04-05T20:15:18 IST" skipped="0">
  <testcase classname="Basics.Annotations" name="Homepage" time="0.025"/>
  <system-out/>
  <testcase classname="Basics.Annotations" name="AddToCart" time="0.004"/>
  <system-out/>
  <testcase classname="Basics.Annotations" name="Login" time="0.008"/>
  <system-out/>
  <testcase classname="Basics.Annotations" name="Products" time="0.003"/>
  <system-out/>
</testsuite> <!-- Basics.Annotations -->
