<?xml version="1.0" encoding="UTF-8"?>
<!-- Generated by org.testng.reporters.JUnitReportReporter -->
<testsuite hostname="DESKTOP-0J67C42" failures="0" tests="5" name="Basics.DataproviderDemo" time="86.142" errors="0" timestamp="2024-04-05T20:15:18 IST" skipped="0">
  <testcase classname="Basics.DataproviderDemo" name="positiveLoginTest" time="19.127"/>
  <system-out/>
  <testcase classname="Basics.DataproviderDemo" name="negativeLoginTest" time="18.705"/>
  <system-out/>
  <testcase classname="Basics.DataproviderDemo" name="negativeLoginTest" time="18.368"/>
  <system-out/>
  <testcase classname="Basics.DataproviderDemo" name="negativeLoginTest" time="17.988"/>
  <system-out/>
  <testcase classname="Basics.DataproviderDemo" name="negativeLoginTest" time="11.954"/>
  <system-out/>
</testsuite> <!-- Basics.DataproviderDemo -->
